c:\users\james bridgman\documents\github\comp3015-initial_prototype\x64\release\vc142.pdb
c:\users\james bridgman\documents\github\comp3015-initial_prototype\x64\release\glad.obj
c:\users\james bridgman\documents\github\comp3015-initial_prototype\x64\release\scene_initial_prototype_hdr.obj
c:\users\james bridgman\documents\github\comp3015-initial_prototype\x64\release\scene_initial_prototype.obj
c:\users\james bridgman\documents\github\comp3015-initial_prototype\x64\release\scenebasic_uniform.obj
c:\users\james bridgman\documents\github\comp3015-initial_prototype\x64\release\main.obj
c:\users\james bridgman\documents\github\comp3015-initial_prototype\x64\release\trianglemesh.obj
c:\users\james bridgman\documents\github\comp3015-initial_prototype\x64\release\texture.obj
c:\users\james bridgman\documents\github\comp3015-initial_prototype\x64\release\stb_image.obj
c:\users\james bridgman\documents\github\comp3015-initial_prototype\x64\release\plane.obj
c:\users\james bridgman\documents\github\comp3015-initial_prototype\x64\release\objmesh.obj
c:\users\james bridgman\documents\github\comp3015-initial_prototype\x64\release\glutils.obj
c:\users\james bridgman\documents\github\comp3015-initial_prototype\x64\release\glslprogram.obj
c:\users\james bridgman\documents\github\comp3015-initial_prototype\x64\release\project_template.exe
c:\users\james bridgman\documents\github\comp3015-initial_prototype\x64\release\project_template.pdb
c:\users\james bridgman\documents\github\comp3015-initial_prototype\x64\release\project_template.ipdb
c:\users\james bridgman\documents\github\comp3015-initial_prototype\x64\release\project_template.iobj
c:\users\james bridgman\documents\github\comp3015-initial_prototype\x64\release\project_template.tlog\cl.command.1.tlog
c:\users\james bridgman\documents\github\comp3015-initial_prototype\x64\release\project_template.tlog\cl.read.1.tlog
c:\users\james bridgman\documents\github\comp3015-initial_prototype\x64\release\project_template.tlog\cl.write.1.tlog
c:\users\james bridgman\documents\github\comp3015-initial_prototype\x64\release\project_template.tlog\link.command.1.tlog
c:\users\james bridgman\documents\github\comp3015-initial_prototype\x64\release\project_template.tlog\link.read.1.tlog
c:\users\james bridgman\documents\github\comp3015-initial_prototype\x64\release\project_template.tlog\link.write.1.tlog
c:\users\james bridgman\documents\github\comp3015-initial_prototype\x64\release\project_template.tlog\project_template.write.1u.tlog
