  glad.c
  glslprogram.cpp
  glutils.cpp
  objmesh.cpp
C:\Users\James Bridgman\Documents\GitHub\COMP3015-Initial_Prototype\helper\objmesh.cpp(188,43): warning C4267: '+=': conversion from 'size_t' to 'int', possible loss of data
C:\Users\James Bridgman\Documents\GitHub\COMP3015-Initial_Prototype\helper\objmesh.cpp(194,50): warning C4267: '+=': conversion from 'size_t' to 'int', possible loss of data
C:\Users\James Bridgman\Documents\GitHub\COMP3015-Initial_Prototype\helper\objmesh.cpp(198,45): warning C4267: '+=': conversion from 'size_t' to 'int', possible loss of data
  plane.cpp
  stb_image.cpp
  texture.cpp
  trianglemesh.cpp
  main.cpp
C:\Users\James Bridgman\Documents\GitHub\COMP3015-Initial_Prototype\main.cpp(5,10): warning C4067: unexpected tokens following preprocessor directive - expected a newline
  scenebasic_uniform.cpp
  scene_initial_prototype.cpp
C:\Users\James Bridgman\Documents\GitHub\COMP3015-Initial_Prototype\scene_initial_prototype.cpp(46,43): warning C4305: 'argument': truncation from 'double' to 'T'
          with
          [
              T=float
          ]
  scene_initial_prototype_hdr.cpp
C:\Users\James Bridgman\Documents\GitHub\COMP3015-Initial_Prototype\scene_initial_prototype_hdr.cpp(78,43): warning C4305: 'argument': truncation from 'double' to 'T'
          with
          [
              T=float
          ]
LINK : warning LNK4098: defaultlib 'MSVCRTD' conflicts with use of other libs; use /NODEFAULTLIB:library
  Generating code
  Previous IPDB not found, fall back to full compilation.
  All 1327 functions were compiled because no usable IPDB/IOBJ from previous compilation was found.
  Finished generating code
  Project_Template.vcxproj -> C:\Users\James Bridgman\Documents\GitHub\COMP3015-Initial_Prototype\x64\Release\Project_Template.exe
